# JRE version: OpenJDK Runtime Environment (8.0_152-b08) (build 1.8.0_152-release-1248-b8)
# Java VM: OpenJDK 64-Bit Server VM (25.152-b8 mixed mode windows-amd64 compressed oops)
Heap:
 PSYoungGen      total 71680K, used 71655K [0x00000000f5580000, 0x00000000fa080000, 0x0000000100000000)
  eden space 66560K, 100% used [0x00000000f5580000,0x00000000f9680000,0x00000000f9680000)
  from space 5120K, 99% used [0x00000000f9b80000,0x00000000fa079c60,0x00000000fa080000)
  to   space 5120K, 99% used [0x00000000f9680000,0x00000000f9b7e058,0x00000000f9b80000)
 ParOldGen       total 87552K, used 27365K [0x00000000e0000000, 0x00000000e5580000, 0x00000000f5580000)
  object space 87552K, 31% used [0x00000000e0000000,0x00000000e1ab9588,0x00000000e5580000)
 Metaspace       used 12152K, capacity 12314K, committed 12544K, reserved 1060864K
  class space    used 1190K, capacity 1237K, committed 1280K, reserved 1048576K
GC Heap History (5 events):
Event: 0.685 GC heap before
{Heap before GC invocations=1 (full 0):
 PSYoungGen      total 38400K, used 33280K [0x00000000f5580000, 0x00000000f8000000, 0x0000000100000000)
  eden space 33280K, 100% used [0x00000000f5580000,0x00000000f7600000,0x00000000f7600000)
  from space 5120K, 0% used [0x00000000f7b00000,0x00000000f7b00000,0x00000000f8000000)
  to   space 5120K, 0% used [0x00000000f7600000,0x00000000f7600000,0x00000000f7b00000)
 ParOldGen       total 87552K, used 0K [0x00000000e0000000, 0x00000000e5580000, 0x00000000f5580000)
  object space 87552K, 0% used [0x00000000e0000000,0x00000000e0000000,0x00000000e5580000)
 Metaspace       used 8021K, capacity 8154K, committed 8320K, reserved 1056768K
  class space    used 822K, capacity 853K, committed 896K, reserved 1048576K
Event: 0.695 GC heap after
Heap after GC invocations=1 (full 0):
 PSYoungGen      total 38400K, used 5088K [0x00000000f5580000, 0x00000000fa080000, 0x0000000100000000)
  eden space 33280K, 0% used [0x00000000f5580000,0x00000000f5580000,0x00000000f7600000)
  from space 5120K, 99% used [0x00000000f7600000,0x00000000f7af8070,0x00000000f7b00000)
  to   space 5120K, 0% used [0x00000000f9b80000,0x00000000f9b80000,0x00000000fa080000)
 ParOldGen       total 87552K, used 3616K [0x00000000e0000000, 0x00000000e5580000, 0x00000000f5580000)
  object space 87552K, 4% used [0x00000000e0000000,0x00000000e0388138,0x00000000e5580000)
 Metaspace       used 8021K, capacity 8154K, committed 8320K, reserved 1056768K
  class space    used 822K, capacity 853K, committed 896K, reserved 1048576K
}
Event: 0.997 GC heap before
{Heap before GC invocations=2 (full 0):
 PSYoungGen      total 38400K, used 37859K [0x00000000f5580000, 0x00000000fa080000, 0x0000000100000000)
  eden space 33280K, 98% used [0x00000000f5580000,0x00000000f7580f20,0x00000000f7600000)
  from space 5120K, 99% used [0x00000000f7600000,0x00000000f7af8070,0x00000000f7b00000)
  to   space 5120K, 0% used [0x00000000f9b80000,0x00000000f9b80000,0x00000000fa080000)
 ParOldGen       total 87552K, used 3616K [0x00000000e0000000, 0x00000000e5580000, 0x00000000f5580000)
  object space 87552K, 4% used [0x00000000e0000000,0x00000000e0388138,0x00000000e5580000)
 Metaspace       used 10013K, capacity 10138K, committed 10368K, reserved 1058816K
  class space    used 1050K, capacity 1109K, committed 1152K, reserved 1048576K
Event: 1.019 GC heap after
Heap after GC invocations=2 (full 0):
 PSYoungGen      total 71680K, used 5095K [0x00000000f5580000, 0x00000000fa080000, 0x0000000100000000)
  eden space 66560K, 0% used [0x00000000f5580000,0x00000000f5580000,0x00000000f9680000)
  from space 5120K, 99% used [0x00000000f9b80000,0x00000000fa079c60,0x00000000fa080000)
  to   space 5120K, 0% used [0x00000000f9680000,0x00000000f9680000,0x00000000f9b80000)
 ParOldGen       total 87552K, used 14208K [0x00000000e0000000, 0x00000000e5580000, 0x00000000f5580000)
  object space 87552K, 16% used [0x00000000e0000000,0x00000000e0de0238,0x00000000e5580000)
 Metaspace       used 10013K, capacity 10138K, committed 10368K, reserved 1058816K
  class space    used 1050K, capacity 1109K, committed 1152K, reserved 1048576K
}
Event: 2.164 GC heap before
{Heap before GC invocations=3 (full 0):
 PSYoungGen      total 71680K, used 71655K [0x00000000f5580000, 0x00000000fa080000, 0x0000000100000000)
  eden space 66560K, 100% used [0x00000000f5580000,0x00000000f9680000,0x00000000f9680000)
  from space 5120K, 99% used [0x00000000f9b80000,0x00000000fa079c60,0x00000000fa080000)
  to   space 5120K, 0% used [0x00000000f9680000,0x00000000f9680000,0x00000000f9b80000)
 ParOldGen       total 87552K, used 14208K [0x00000000e0000000, 0x00000000e5580000, 0x00000000f5580000)
  object space 87552K, 16% used [0x00000000e0000000,0x00000000e0de0238,0x00000000e5580000)
 Metaspace       used 12152K, capacity 12314K, committed 12544K, reserved 1060864K
  class space    used 1190K, capacity 1237K, committed 1280K, reserved 1048576K

