# JRE version: OpenJDK Runtime Environment (8.0_152-b39) (build 1.8.0_152-release-1136-b39)
# Java VM: OpenJDK 64-Bit Server VM (25.152-b39 mixed mode windows-amd64 compressed oops)
Heap:
 PSYoungGen      total 116224K, used 14245K [0x00000000f5580000, 0x00000000ffb00000, 0x0000000100000000)
  eden space 67072K, 0% used [0x00000000f5580000,0x00000000f5580000,0x00000000f9700000)
  from space 49152K, 28% used [0x00000000fcb00000,0x00000000fd8e94e0,0x00000000ffb00000)
  to   space 51200K, 0% used [0x00000000f9700000,0x00000000f9700000,0x00000000fc900000)
 ParOldGen       total 161792K, used 144573K [0x00000000e0000000, 0x00000000e9e00000, 0x00000000f5580000)
  object space 161792K, 89% used [0x00000000e0000000,0x00000000e8d2f6b0,0x00000000e9e00000)
 Metaspace       used 16047K, capacity 16224K, committed 16512K, reserved 1064960K
  class space    used 1456K, capacity 1540K, committed 1664K, reserved 1048576K
GC Heap History (10 events):
Event: 23.084 GC heap after
Heap after GC invocations=11 (full 1):
 PSYoungGen      total 95744K, used 17517K [0x00000000f5580000, 0x0000000100000000, 0x0000000100000000)
  eden space 59904K, 0% used [0x00000000f5580000,0x00000000f5580000,0x00000000f9000000)
  from space 35840K, 48% used [0x00000000fdd00000,0x00000000fee1b680,0x0000000100000000)
  to   space 57344K, 0% used [0x00000000f9000000,0x00000000f9000000,0x00000000fc800000)
 ParOldGen       total 161792K, used 92060K [0x00000000e0000000, 0x00000000e9e00000, 0x00000000f5580000)
  object space 161792K, 56% used [0x00000000e0000000,0x00000000e59e7070,0x00000000e9e00000)
 Metaspace       used 15825K, capacity 16000K, committed 16128K, reserved 1064960K
  class space    used 1451K, capacity 1508K, committed 1536K, reserved 1048576K
}
Event: 24.723 GC heap before
{Heap before GC invocations=12 (full 1):
 PSYoungGen      total 95744K, used 77421K [0x00000000f5580000, 0x0000000100000000, 0x0000000100000000)
  eden space 59904K, 100% used [0x00000000f5580000,0x00000000f9000000,0x00000000f9000000)
  from space 35840K, 48% used [0x00000000fdd00000,0x00000000fee1b680,0x0000000100000000)
  to   space 57344K, 0% used [0x00000000f9000000,0x00000000f9000000,0x00000000fc800000)
 ParOldGen       total 161792K, used 92060K [0x00000000e0000000, 0x00000000e9e00000, 0x00000000f5580000)
  object space 161792K, 56% used [0x00000000e0000000,0x00000000e59e7070,0x00000000e9e00000)
 Metaspace       used 15902K, capacity 16064K, committed 16384K, reserved 1064960K
  class space    used 1451K, capacity 1508K, committed 1536K, reserved 1048576K
Event: 24.833 GC heap after
Heap after GC invocations=12 (full 1):
 PSYoungGen      total 117248K, used 15137K [0x00000000f5580000, 0x0000000100000000, 0x0000000100000000)
  eden space 59904K, 0% used [0x00000000f5580000,0x00000000f5580000,0x00000000f9000000)
  from space 57344K, 26% used [0x00000000f9000000,0x00000000f9ec8498,0x00000000fc800000)
  to   space 55808K, 0% used [0x00000000fc980000,0x00000000fc980000,0x0000000100000000)
 ParOldGen       total 161792K, used 108511K [0x00000000e0000000, 0x00000000e9e00000, 0x00000000f5580000)
  object space 161792K, 67% used [0x00000000e0000000,0x00000000e69f7f68,0x00000000e9e00000)
 Metaspace       used 15902K, capacity 16064K, committed 16384K, reserved 1064960K
  class space    used 1451K, capacity 1508K, committed 1536K, reserved 1048576K
}
Event: 26.474 GC heap before
{Heap before GC invocations=13 (full 1):
 PSYoungGen      total 117248K, used 75041K [0x00000000f5580000, 0x0000000100000000, 0x0000000100000000)
  eden space 59904K, 100% used [0x00000000f5580000,0x00000000f9000000,0x00000000f9000000)
  from space 57344K, 26% used [0x00000000f9000000,0x00000000f9ec8498,0x00000000fc800000)
  to   space 55808K, 0% used [0x00000000fc980000,0x00000000fc980000,0x0000000100000000)
 ParOldGen       total 161792K, used 108511K [0x00000000e0000000, 0x00000000e9e00000, 0x00000000f5580000)
  object space 161792K, 67% used [0x00000000e0000000,0x00000000e69f7f68,0x00000000e9e00000)
 Metaspace       used 15985K, capacity 16160K, committed 16512K, reserved 1064960K
  class space    used 1455K, capacity 1540K, committed 1664K, reserved 1048576K
Event: 26.563 GC heap after
Heap after GC invocations=13 (full 1):
 PSYoungGen      total 113664K, used 12659K [0x00000000f5580000, 0x00000000ffc80000, 0x0000000100000000)
  eden space 61440K, 0% used [0x00000000f5580000,0x00000000f5580000,0x00000000f9180000)
  from space 52224K, 24% used [0x00000000fc980000,0x00000000fd5dcce0,0x00000000ffc80000)
  to   space 54784K, 0% used [0x00000000f9180000,0x00000000f9180000,0x00000000fc700000)
 ParOldGen       total 161792K, used 121958K [0x00000000e0000000, 0x00000000e9e00000, 0x00000000f5580000)
  object space 161792K, 75% used [0x00000000e0000000,0x00000000e77199e8,0x00000000e9e00000)
 Metaspace       used 15985K, capacity 16160K, committed 16512K, reserved 1064960K
  class space    used 1455K, capacity 1540K, committed 1664K, reserved 1048576K
}
Event: 28.504 GC heap before
{Heap before GC invocations=14 (full 1):
 PSYoungGen      total 113664K, used 74099K [0x00000000f5580000, 0x00000000ffc80000, 0x0000000100000000)
  eden space 61440K, 100% used [0x00000000f5580000,0x00000000f9180000,0x00000000f9180000)
  from space 52224K, 24% used [0x00000000fc980000,0x00000000fd5dcce0,0x00000000ffc80000)
  to   space 54784K, 0% used [0x00000000f9180000,0x00000000f9180000,0x00000000fc700000)
 ParOldGen       total 161792K, used 121958K [0x00000000e0000000, 0x00000000e9e00000, 0x00000000f5580000)
  object space 161792K, 75% used [0x00000000e0000000,0x00000000e77199e8,0x00000000e9e00000)
 Metaspace       used 16028K, capacity 16224K, committed 16512K, reserved 1064960K
  class space    used 1456K, capacity 1540K, committed 1664K, reserved 1048576K
Event: 28.565 GC heap after
Heap after GC invocations=14 (full 1):
 PSYoungGen      total 116224K, used 14773K [0x00000000f5580000, 0x00000000ffe80000, 0x0000000100000000)
  eden space 61440K, 0% used [0x00000000f5580000,0x00000000f5580000,0x00000000f9180000)
  from space 54784K, 26% used [0x00000000f9180000,0x00000000f9fed420,0x00000000fc700000)
  to   space 52736K, 0% used [0x00000000fcb00000,0x00000000fcb00000,0x00000000ffe80000)
 ParOldGen       total 161792K, used 132778K [0x00000000e0000000, 0x00000000e9e00000, 0x00000000f5580000)
  object space 161792K, 82% used [0x00000000e0000000,0x00000000e81aa9a0,0x00000000e9e00000)
 Metaspace       used 16028K, capacity 16224K, committed 16512K, reserved 1064960K
  class space    used 1456K, capacity 1540K, committed 1664K, reserved 1048576K
}
Event: 30.168 GC heap before
{Heap before GC invocations=15 (full 1):
 PSYoungGen      total 116224K, used 76213K [0x00000000f5580000, 0x00000000ffe80000, 0x0000000100000000)
  eden space 61440K, 100% used [0x00000000f5580000,0x00000000f9180000,0x00000000f9180000)
  from space 54784K, 26% used [0x00000000f9180000,0x00000000f9fed420,0x00000000fc700000)
  to   space 52736K, 0% used [0x00000000fcb00000,0x00000000fcb00000,0x00000000ffe80000)
 ParOldGen       total 161792K, used 132778K [0x00000000e0000000, 0x00000000e9e00000, 0x00000000f5580000)
  object space 161792K, 82% used [0x00000000e0000000,0x00000000e81aa9a0,0x00000000e9e00000)
 Metaspace       used 16047K, capacity 16224K, committed 16512K, reserved 1064960K
  class space    used 1456K, capacity 1540K, committed 1664K, reserved 1048576K
Event: 30.211 GC heap after
Heap after GC invocations=15 (full 1):
 PSYoungGen      total 116224K, used 14245K [0x00000000f5580000, 0x00000000ffb00000, 0x0000000100000000)
  eden space 67072K, 0% used [0x00000000f5580000,0x00000000f5580000,0x00000000f9700000)
  from space 49152K, 28% used [0x00000000fcb00000,0x00000000fd8e94e0,0x00000000ffb00000)
  to   space 51200K, 0% used [0x00000000f9700000,0x00000000f9700000,0x00000000fc900000)
 ParOldGen       total 161792K, used 144573K [0x00000000e0000000, 0x00000000e9e00000, 0x00000000f5580000)
  object space 161792K, 89% used [0x00000000e0000000,0x00000000e8d2f6b0,0x00000000e9e00000)
 Metaspace       used 16047K, capacity 16224K, committed 16512K, reserved 1064960K
  class space    used 1456K, capacity 1540K, committed 1664K, reserved 1048576K
}
Event: 30.211 GC heap before
{Heap before GC invocations=16 (full 2):
 PSYoungGen      total 116224K, used 14245K [0x00000000f5580000, 0x00000000ffb00000, 0x0000000100000000)
  eden space 67072K, 0% used [0x00000000f5580000,0x00000000f5580000,0x00000000f9700000)
  from space 49152K, 28% used [0x00000000fcb00000,0x00000000fd8e94e0,0x00000000ffb00000)
  to   space 51200K, 0% used [0x00000000f9700000,0x00000000f9700000,0x00000000fc900000)
 ParOldGen       total 161792K, used 144573K [0x00000000e0000000, 0x00000000e9e00000, 0x00000000f5580000)
  object space 161792K, 89% used [0x00000000e0000000,0x00000000e8d2f6b0,0x00000000e9e00000)
 Metaspace       used 16047K, capacity 16224K, committed 16512K, reserved 1064960K
  class space    used 1456K, capacity 1540K, committed 1664K, reserved 1048576K

