# JRE version: OpenJDK Runtime Environment (8.0_152-b08) (build 1.8.0_152-release-1248-b8)
# Java VM: OpenJDK 64-Bit Server VM (25.152-b8 mixed mode windows-amd64 compressed oops)
Heap:
 PSYoungGen      total 116736K, used 25772K [0x00000000f5580000, 0x0000000100000000, 0x0000000100000000)
  eden space 58880K, 0% used [0x00000000f5580000,0x00000000f5580000,0x00000000f8f00000)
  from space 57856K, 44% used [0x00000000f8f00000,0x00000000fa82b0e0,0x00000000fc780000)
  to   space 57856K, 0% used [0x00000000fc780000,0x00000000fc780000,0x0000000100000000)
 ParOldGen       total 161792K, used 143352K [0x00000000e0000000, 0x00000000e9e00000, 0x00000000f5580000)
  object space 161792K, 88% used [0x00000000e0000000,0x00000000e8bfe240,0x00000000e9e00000)
 Metaspace       used 16046K, capacity 16192K, committed 16384K, reserved 1064960K
  class space    used 1454K, capacity 1508K, committed 1536K, reserved 1048576K
GC Heap History (10 events):
Event: 8.132 GC heap after
Heap after GC invocations=8 (full 1):
 PSYoungGen      total 129536K, used 45053K [0x00000000f5580000, 0x0000000100000000, 0x0000000100000000)
  eden space 84480K, 0% used [0x00000000f5580000,0x00000000f5580000,0x00000000fa800000)
  from space 45056K, 99% used [0x00000000fa800000,0x00000000fd3ff748,0x00000000fd400000)
  to   space 45056K, 0% used [0x00000000fd400000,0x00000000fd400000,0x0000000100000000)
 ParOldGen       total 161792K, used 81179K [0x00000000e0000000, 0x00000000e9e00000, 0x00000000f5580000)
  object space 161792K, 50% used [0x00000000e0000000,0x00000000e4f46c78,0x00000000e9e00000)
 Metaspace       used 15832K, capacity 16000K, committed 16128K, reserved 1064960K
  class space    used 1448K, capacity 1508K, committed 1536K, reserved 1048576K
}
Event: 9.123 GC heap before
{Heap before GC invocations=9 (full 1):
 PSYoungGen      total 129536K, used 129533K [0x00000000f5580000, 0x0000000100000000, 0x0000000100000000)
  eden space 84480K, 100% used [0x00000000f5580000,0x00000000fa800000,0x00000000fa800000)
  from space 45056K, 99% used [0x00000000fa800000,0x00000000fd3ff748,0x00000000fd400000)
  to   space 45056K, 0% used [0x00000000fd400000,0x00000000fd400000,0x0000000100000000)
 ParOldGen       total 161792K, used 81179K [0x00000000e0000000, 0x00000000e9e00000, 0x00000000f5580000)
  object space 161792K, 50% used [0x00000000e0000000,0x00000000e4f46c78,0x00000000e9e00000)
 Metaspace       used 15952K, capacity 16128K, committed 16384K, reserved 1064960K
  class space    used 1452K, capacity 1508K, committed 1536K, reserved 1048576K
Event: 9.198 GC heap after
Heap after GC invocations=9 (full 1):
 PSYoungGen      total 103936K, used 45031K [0x00000000f5580000, 0x0000000100000000, 0x0000000100000000)
  eden space 58880K, 0% used [0x00000000f5580000,0x00000000f5580000,0x00000000f8f00000)
  from space 45056K, 99% used [0x00000000fd400000,0x00000000ffff9c18,0x0000000100000000)
  to   space 57856K, 0% used [0x00000000f8f00000,0x00000000f8f00000,0x00000000fc780000)
 ParOldGen       total 161792K, used 96137K [0x00000000e0000000, 0x00000000e9e00000, 0x00000000f5580000)
  object space 161792K, 59% used [0x00000000e0000000,0x00000000e5de2790,0x00000000e9e00000)
 Metaspace       used 15952K, capacity 16128K, committed 16384K, reserved 1064960K
  class space    used 1452K, capacity 1508K, committed 1536K, reserved 1048576K
}
Event: 9.893 GC heap before
{Heap before GC invocations=10 (full 1):
 PSYoungGen      total 103936K, used 103911K [0x00000000f5580000, 0x0000000100000000, 0x0000000100000000)
  eden space 58880K, 100% used [0x00000000f5580000,0x00000000f8f00000,0x00000000f8f00000)
  from space 45056K, 99% used [0x00000000fd400000,0x00000000ffff9c18,0x0000000100000000)
  to   space 57856K, 0% used [0x00000000f8f00000,0x00000000f8f00000,0x00000000fc780000)
 ParOldGen       total 161792K, used 96137K [0x00000000e0000000, 0x00000000e9e00000, 0x00000000f5580000)
  object space 161792K, 59% used [0x00000000e0000000,0x00000000e5de2790,0x00000000e9e00000)
 Metaspace       used 16005K, capacity 16128K, committed 16384K, reserved 1064960K
  class space    used 1452K, capacity 1508K, committed 1536K, reserved 1048576K
Event: 9.941 GC heap after
Heap after GC invocations=10 (full 1):
 PSYoungGen      total 116736K, used 52164K [0x00000000f5580000, 0x0000000100000000, 0x0000000100000000)
  eden space 58880K, 0% used [0x00000000f5580000,0x00000000f5580000,0x00000000f8f00000)
  from space 57856K, 90% used [0x00000000f8f00000,0x00000000fc1f10e8,0x00000000fc780000)
  to   space 57856K, 0% used [0x00000000fc780000,0x00000000fc780000,0x0000000100000000)
 ParOldGen       total 161792K, used 96137K [0x00000000e0000000, 0x00000000e9e00000, 0x00000000f5580000)
  object space 161792K, 59% used [0x00000000e0000000,0x00000000e5de2790,0x00000000e9e00000)
 Metaspace       used 16005K, capacity 16128K, committed 16384K, reserved 1064960K
  class space    used 1452K, capacity 1508K, committed 1536K, reserved 1048576K
}
Event: 10.599 GC heap before
{Heap before GC invocations=11 (full 1):
 PSYoungGen      total 116736K, used 111044K [0x00000000f5580000, 0x0000000100000000, 0x0000000100000000)
  eden space 58880K, 100% used [0x00000000f5580000,0x00000000f8f00000,0x00000000f8f00000)
  from space 57856K, 90% used [0x00000000f8f00000,0x00000000fc1f10e8,0x00000000fc780000)
  to   space 57856K, 0% used [0x00000000fc780000,0x00000000fc780000,0x0000000100000000)
 ParOldGen       total 161792K, used 96137K [0x00000000e0000000, 0x00000000e9e00000, 0x00000000f5580000)
  object space 161792K, 59% used [0x00000000e0000000,0x00000000e5de2790,0x00000000e9e00000)
 Metaspace       used 16025K, capacity 16192K, committed 16384K, reserved 1064960K
  class space    used 1452K, capacity 1508K, committed 1536K, reserved 1048576K
Event: 10.657 GC heap after
Heap after GC invocations=11 (full 1):
 PSYoungGen      total 116736K, used 35427K [0x00000000f5580000, 0x0000000100000000, 0x0000000100000000)
  eden space 58880K, 0% used [0x00000000f5580000,0x00000000f5580000,0x00000000f8f00000)
  from space 57856K, 61% used [0x00000000fc780000,0x00000000fea18f38,0x0000000100000000)
  to   space 57856K, 0% used [0x00000000f8f00000,0x00000000f8f00000,0x00000000fc780000)
 ParOldGen       total 161792K, used 124095K [0x00000000e0000000, 0x00000000e9e00000, 0x00000000f5580000)
  object space 161792K, 76% used [0x00000000e0000000,0x00000000e792ff20,0x00000000e9e00000)
 Metaspace       used 16025K, capacity 16192K, committed 16384K, reserved 1064960K
  class space    used 1452K, capacity 1508K, committed 1536K, reserved 1048576K
}
Event: 11.374 GC heap before
{Heap before GC invocations=12 (full 1):
 PSYoungGen      total 116736K, used 94307K [0x00000000f5580000, 0x0000000100000000, 0x0000000100000000)
  eden space 58880K, 100% used [0x00000000f5580000,0x00000000f8f00000,0x00000000f8f00000)
  from space 57856K, 61% used [0x00000000fc780000,0x00000000fea18f38,0x0000000100000000)
  to   space 57856K, 0% used [0x00000000f8f00000,0x00000000f8f00000,0x00000000fc780000)
 ParOldGen       total 161792K, used 124095K [0x00000000e0000000, 0x00000000e9e00000, 0x00000000f5580000)
  object space 161792K, 76% used [0x00000000e0000000,0x00000000e792ff20,0x00000000e9e00000)
 Metaspace       used 16046K, capacity 16192K, committed 16384K, reserved 1064960K
  class space    used 1454K, capacity 1508K, committed 1536K, reserved 1048576K
Event: 11.433 GC heap after
Heap after GC invocations=12 (full 1):
 PSYoungGen      total 116736K, used 25772K [0x00000000f5580000, 0x0000000100000000, 0x0000000100000000)
  eden space 58880K, 0% used [0x00000000f5580000,0x00000000f5580000,0x00000000f8f00000)
  from space 57856K, 44% used [0x00000000f8f00000,0x00000000fa82b0e0,0x00000000fc780000)
  to   space 57856K, 0% used [0x00000000fc780000,0x00000000fc780000,0x0000000100000000)
 ParOldGen       total 161792K, used 143352K [0x00000000e0000000, 0x00000000e9e00000, 0x00000000f5580000)
  object space 161792K, 88% used [0x00000000e0000000,0x00000000e8bfe240,0x00000000e9e00000)
 Metaspace       used 16046K, capacity 16192K, committed 16384K, reserved 1064960K
  class space    used 1454K, capacity 1508K, committed 1536K, reserved 1048576K
}
Event: 11.433 GC heap before
{Heap before GC invocations=13 (full 2):
 PSYoungGen      total 116736K, used 25772K [0x00000000f5580000, 0x0000000100000000, 0x0000000100000000)
  eden space 58880K, 0% used [0x00000000f5580000,0x00000000f5580000,0x00000000f8f00000)
  from space 57856K, 44% used [0x00000000f8f00000,0x00000000fa82b0e0,0x00000000fc780000)
  to   space 57856K, 0% used [0x00000000fc780000,0x00000000fc780000,0x0000000100000000)
 ParOldGen       total 161792K, used 143352K [0x00000000e0000000, 0x00000000e9e00000, 0x00000000f5580000)
  object space 161792K, 88% used [0x00000000e0000000,0x00000000e8bfe240,0x00000000e9e00000)
 Metaspace       used 16046K, capacity 16192K, committed 16384K, reserved 1064960K
  class space    used 1454K, capacity 1508K, committed 1536K, reserved 1048576K

