# JRE version: OpenJDK Runtime Environment (8.0_152-b08) (build 1.8.0_152-release-1248-b8)
# Java VM: OpenJDK 64-Bit Server VM (25.152-b8 mixed mode windows-amd64 compressed oops)
Heap:
 PSYoungGen      total 116736K, used 72224K [0x00000000f5580000, 0x0000000100000000, 0x0000000100000000)
  eden space 58880K, 100% used [0x00000000f5580000,0x00000000f8f00000,0x00000000f8f00000)
  from space 57856K, 23% used [0x00000000f8f00000,0x00000000f9c08020,0x00000000fc780000)
  to   space 57856K, 7% used [0x00000000fc780000,0x00000000fcb85958,0x0000000100000000)
 ParOldGen       total 263168K, used 184462K [0x00000000e0000000, 0x00000000f0100000, 0x00000000f5580000)
  object space 263168K, 70% used [0x00000000e0000000,0x00000000eb423ac0,0x00000000f0100000)
 Metaspace       used 16106K, capacity 16288K, committed 16512K, reserved 1064960K
  class space    used 1458K, capacity 1540K, committed 1664K, reserved 1048576K
GC Heap History (10 events):
Event: 9.907 GC heap after
Heap after GC invocations=15 (full 1):
 PSYoungGen      total 116736K, used 22962K [0x00000000f5580000, 0x0000000100000000, 0x0000000100000000)
  eden space 58880K, 0% used [0x00000000f5580000,0x00000000f5580000,0x00000000f8f00000)
  from space 57856K, 39% used [0x00000000fc780000,0x00000000fddeca70,0x0000000100000000)
  to   space 57856K, 0% used [0x00000000f8f00000,0x00000000f8f00000,0x00000000fc780000)
 ParOldGen       total 167936K, used 155279K [0x00000000e0000000, 0x00000000ea400000, 0x00000000f5580000)
  object space 167936K, 92% used [0x00000000e0000000,0x00000000e97a3e18,0x00000000ea400000)
 Metaspace       used 16059K, capacity 16224K, committed 16512K, reserved 1064960K
  class space    used 1458K, capacity 1540K, committed 1664K, reserved 1048576K
}
Event: 9.907 GC heap before
{Heap before GC invocations=16 (full 2):
 PSYoungGen      total 116736K, used 22962K [0x00000000f5580000, 0x0000000100000000, 0x0000000100000000)
  eden space 58880K, 0% used [0x00000000f5580000,0x00000000f5580000,0x00000000f8f00000)
  from space 57856K, 39% used [0x00000000fc780000,0x00000000fddeca70,0x0000000100000000)
  to   space 57856K, 0% used [0x00000000f8f00000,0x00000000f8f00000,0x00000000fc780000)
 ParOldGen       total 167936K, used 155279K [0x00000000e0000000, 0x00000000ea400000, 0x00000000f5580000)
  object space 167936K, 92% used [0x00000000e0000000,0x00000000e97a3e18,0x00000000ea400000)
 Metaspace       used 16059K, capacity 16224K, committed 16512K, reserved 1064960K
  class space    used 1458K, capacity 1540K, committed 1664K, reserved 1048576K
Event: 10.327 GC heap after
Heap after GC invocations=16 (full 2):
 PSYoungGen      total 116736K, used 0K [0x00000000f5580000, 0x0000000100000000, 0x0000000100000000)
  eden space 58880K, 0% used [0x00000000f5580000,0x00000000f5580000,0x00000000f8f00000)
  from space 57856K, 0% used [0x00000000fc780000,0x00000000fc780000,0x0000000100000000)
  to   space 57856K, 0% used [0x00000000f8f00000,0x00000000f8f00000,0x00000000fc780000)
 ParOldGen       total 263168K, used 154131K [0x00000000e0000000, 0x00000000f0100000, 0x00000000f5580000)
  object space 263168K, 58% used [0x00000000e0000000,0x00000000e9684ce8,0x00000000f0100000)
 Metaspace       used 16059K, capacity 16224K, committed 16512K, reserved 1064960K
  class space    used 1458K, capacity 1540K, committed 1664K, reserved 1048576K
}
Event: 10.788 GC heap before
{Heap before GC invocations=17 (full 2):
 PSYoungGen      total 116736K, used 58880K [0x00000000f5580000, 0x0000000100000000, 0x0000000100000000)
  eden space 58880K, 100% used [0x00000000f5580000,0x00000000f8f00000,0x00000000f8f00000)
  from space 57856K, 0% used [0x00000000fc780000,0x00000000fc780000,0x0000000100000000)
  to   space 57856K, 0% used [0x00000000f8f00000,0x00000000f8f00000,0x00000000fc780000)
 ParOldGen       total 263168K, used 154131K [0x00000000e0000000, 0x00000000f0100000, 0x00000000f5580000)
  object space 263168K, 58% used [0x00000000e0000000,0x00000000e9684ce8,0x00000000f0100000)
 Metaspace       used 16064K, capacity 16224K, committed 16512K, reserved 1064960K
  class space    used 1458K, capacity 1540K, committed 1664K, reserved 1048576K
Event: 10.805 GC heap after
Heap after GC invocations=17 (full 2):
 PSYoungGen      total 116736K, used 11558K [0x00000000f5580000, 0x0000000100000000, 0x0000000100000000)
  eden space 58880K, 0% used [0x00000000f5580000,0x00000000f5580000,0x00000000f8f00000)
  from space 57856K, 19% used [0x00000000f8f00000,0x00000000f9a49918,0x00000000fc780000)
  to   space 57856K, 0% used [0x00000000fc780000,0x00000000fc780000,0x0000000100000000)
 ParOldGen       total 263168K, used 154131K [0x00000000e0000000, 0x00000000f0100000, 0x00000000f5580000)
  object space 263168K, 58% used [0x00000000e0000000,0x00000000e9684ce8,0x00000000f0100000)
 Metaspace       used 16064K, capacity 16224K, committed 16512K, reserved 1064960K
  class space    used 1458K, capacity 1540K, committed 1664K, reserved 1048576K
}
Event: 11.245 GC heap before
{Heap before GC invocations=18 (full 2):
 PSYoungGen      total 116736K, used 70438K [0x00000000f5580000, 0x0000000100000000, 0x0000000100000000)
  eden space 58880K, 100% used [0x00000000f5580000,0x00000000f8f00000,0x00000000f8f00000)
  from space 57856K, 19% used [0x00000000f8f00000,0x00000000f9a49918,0x00000000fc780000)
  to   space 57856K, 0% used [0x00000000fc780000,0x00000000fc780000,0x0000000100000000)
 ParOldGen       total 263168K, used 154131K [0x00000000e0000000, 0x00000000f0100000, 0x00000000f5580000)
  object space 263168K, 58% used [0x00000000e0000000,0x00000000e9684ce8,0x00000000f0100000)
 Metaspace       used 16079K, capacity 16288K, committed 16512K, reserved 1064960K
  class space    used 1458K, capacity 1540K, committed 1664K, reserved 1048576K
Event: 11.286 GC heap after
Heap after GC invocations=18 (full 2):
 PSYoungGen      total 116736K, used 10866K [0x00000000f5580000, 0x0000000100000000, 0x0000000100000000)
  eden space 58880K, 0% used [0x00000000f5580000,0x00000000f5580000,0x00000000f8f00000)
  from space 57856K, 18% used [0x00000000fc780000,0x00000000fd21cae0,0x0000000100000000)
  to   space 57856K, 0% used [0x00000000f8f00000,0x00000000f8f00000,0x00000000fc780000)
 ParOldGen       total 263168K, used 164231K [0x00000000e0000000, 0x00000000f0100000, 0x00000000f5580000)
  object space 263168K, 62% used [0x00000000e0000000,0x00000000ea061ee0,0x00000000f0100000)
 Metaspace       used 16079K, capacity 16288K, committed 16512K, reserved 1064960K
  class space    used 1458K, capacity 1540K, committed 1664K, reserved 1048576K
}
Event: 11.745 GC heap before
{Heap before GC invocations=19 (full 2):
 PSYoungGen      total 116736K, used 69746K [0x00000000f5580000, 0x0000000100000000, 0x0000000100000000)
  eden space 58880K, 100% used [0x00000000f5580000,0x00000000f8f00000,0x00000000f8f00000)
  from space 57856K, 18% used [0x00000000fc780000,0x00000000fd21cae0,0x0000000100000000)
  to   space 57856K, 0% used [0x00000000f8f00000,0x00000000f8f00000,0x00000000fc780000)
 ParOldGen       total 263168K, used 164231K [0x00000000e0000000, 0x00000000f0100000, 0x00000000f5580000)
  object space 263168K, 62% used [0x00000000e0000000,0x00000000ea061ee0,0x00000000f0100000)
 Metaspace       used 16103K, capacity 16288K, committed 16512K, reserved 1064960K
  class space    used 1458K, capacity 1540K, committed 1664K, reserved 1048576K
Event: 11.780 GC heap after
Heap after GC invocations=19 (full 2):
 PSYoungGen      total 116736K, used 13344K [0x00000000f5580000, 0x0000000100000000, 0x0000000100000000)
  eden space 58880K, 0% used [0x00000000f5580000,0x00000000f5580000,0x00000000f8f00000)
  from space 57856K, 23% used [0x00000000f8f00000,0x00000000f9c08020,0x00000000fc780000)
  to   space 57856K, 0% used [0x00000000fc780000,0x00000000fc780000,0x0000000100000000)
 ParOldGen       total 263168K, used 173407K [0x00000000e0000000, 0x00000000f0100000, 0x00000000f5580000)
  object space 263168K, 65% used [0x00000000e0000000,0x00000000ea957e30,0x00000000f0100000)
 Metaspace       used 16103K, capacity 16288K, committed 16512K, reserved 1064960K
  class space    used 1458K, capacity 1540K, committed 1664K, reserved 1048576K
}
Event: 12.070 GC heap before
{Heap before GC invocations=20 (full 2):
 PSYoungGen      total 116736K, used 72224K [0x00000000f5580000, 0x0000000100000000, 0x0000000100000000)
  eden space 58880K, 100% used [0x00000000f5580000,0x00000000f8f00000,0x00000000f8f00000)
  from space 57856K, 23% used [0x00000000f8f00000,0x00000000f9c08020,0x00000000fc780000)
  to   space 57856K, 0% used [0x00000000fc780000,0x00000000fc780000,0x0000000100000000)
 ParOldGen       total 263168K, used 173407K [0x00000000e0000000, 0x00000000f0100000, 0x00000000f5580000)
  object space 263168K, 65% used [0x00000000e0000000,0x00000000ea957e30,0x00000000f0100000)
 Metaspace       used 16106K, capacity 16288K, committed 16512K, reserved 1064960K
  class space    used 1458K, capacity 1540K, committed 1664K, reserved 1048576K

